<?xml version="1.0" encoding="UTF-8"?>
<!-- Generated by org.testng.reporters.JUnitReportReporter -->
<testsuite skipped="0" hostname="krish" name="testngdependency.re" tests="7" failures="0" timestamp="2023-01-14T15:04:16 IST" time="11.022" errors="0">
  <testcase name="visiting" time="3.845" classname="testngdependency.re"/>
  <system-out/>
  <testcase name="max" time="0.145" classname="testngdependency.re"/>
  <system-out/>
  <testcase name="refresh" time="0.498" classname="testngdependency.re"/>
  <system-out/>
  <testcase name="refresh" time="0.959" classname="testngdependency.re"/>
  <system-out/>
  <testcase name="refresh" time="0.027" classname="testngdependency.re"/>
  <system-out/>
  <testcase name="clicking" time="2.825" classname="testngdependency.re"/>
  <system-out/>
  <testcase name="close" time="2.723" classname="testngdependency.re"/>
  <system-out/>
</testsuite> <!-- testngdependency.re -->
