<?xml version="1.0" encoding="UTF-8"?>
<!-- Generated by org.testng.reporters.JUnitReportReporter -->
<testsuite skipped="0" hostname="krish" name="testngassertion.a1" tests="1" failures="0" timestamp="2023-01-21T13:49:10 IST" time="3.874" errors="0">
  <testcase name="hard" time="3.874" classname="testngassertion.a1"/>
  <system-out/>
</testsuite> <!-- testngassertion.a1 -->
