<?xml version="1.0" encoding="UTF-8"?>
<!-- Generated by org.testng.reporters.JUnitReportReporter -->
<testsuite skipped="0" hostname="krish" name="testngwaits.ex" tests="1" failures="0" timestamp="2023-01-22T14:43:25 IST" time="3.435" errors="0">
  <testcase name="e1" time="3.435" classname="testngwaits.ex"/>
  <system-out/>
</testsuite> <!-- testngwaits.ex -->
