<?xml version="1.0" encoding="UTF-8"?>
<!-- Generated by org.testng.reporters.JUnitReportReporter -->
<testsuite skipped="0" hostname="krish" name="testngannt.a1" tests="2" failures="0" timestamp="2023-01-21T13:34:27 IST" time="4.563" errors="0">
  <testcase name="t1" time="0.889" classname="testngannt.a1"/>
  <system-out/>
  <testcase name="t2" time="3.674" classname="testngannt.a1"/>
  <system-out/>
</testsuite> <!-- testngannt.a1 -->
